#
# There is insufficient memory for the Java Runtime Environment to continue.
# Native memory allocation (malloc) failed to allocate 32744 bytes for ChunkPool::allocate
# Possible reasons:
#   The system is out of physical RAM or swap space
#   The process is running with CompressedOops enabled, and the Java Heap may be blocking the growth of the native heap
# Possible solutions:
#   Reduce memory load on the system
#   Increase physical memory or swap space
#   Check if swap backing store is full
#   Decrease Java heap size (-Xmx/-Xms)
#   Decrease number of Java threads
#   Decrease Java thread stack sizes (-Xss)
#   Set larger code cache with -XX:ReservedCodeCacheSize=
#   JVM is running with Unscaled Compressed Oops mode in which the Java heap is
#     placed in the first 4GB address space. The Java Heap base address is the
#     maximum limit for the native heap growth. Please use -XX:HeapBaseMinAddress
#     to set the Java Heap base and to place the Java Heap above 4GB virtual address.
# This output file may be truncated or incomplete.
#
#  Out of Memory Error (allocation.cpp:272), pid=7532, tid=0x0000000000001464
#
# JRE version: Java(TM) SE Runtime Environment (8.0_231-b11) (build 1.8.0_231-b11)
# Java VM: Java HotSpot(TM) 64-Bit Server VM (25.231-b11 mixed mode windows-amd64 compressed oops)
# Failed to write core dump. Minidumps are not enabled by default on client versions of Windows
#

---------------  T H R E A D  ---------------

Current thread (0x00000000163fe000):  JavaThread "C2 CompilerThread0" daemon [_thread_in_native, id=5220, stack(0x0000000017b80000,0x0000000017c80000)]

Stack: [0x0000000017b80000,0x0000000017c80000]
[error occurred during error reporting (printing stack bounds), id 0xc0000005]

Native frames: (J=compiled Java code, j=interpreted, Vv=VM code, C=native code)


Current CompileTask:
C2:   7704 1500   !   4       org.openqa.selenium.json.Input::init (71 bytes)


---------------  P R O C E S S  ---------------

Java Threads: ( => current thread )
  0x0000000018c2c000 JavaThread "Okio Watchdog" daemon [_thread_blocked, id=804, stack(0x000000001ad30000,0x000000001ae30000)]
  0x0000000018c6c800 JavaThread "OkHttp ConnectionPool" daemon [_thread_blocked, id=3760, stack(0x000000001ac30000,0x000000001ad30000)]
  0x00000000188c6000 JavaThread "Keep-Alive-Timer" daemon [_thread_blocked, id=5612, stack(0x0000000019960000,0x0000000019a60000)]
  0x00000000188c1800 JavaThread "Exec Stream Pumper" daemon [_thread_in_native, id=5312, stack(0x0000000019760000,0x0000000019860000)]
  0x0000000018994800 JavaThread "Exec Stream Pumper" daemon [_thread_in_native, id=2716, stack(0x0000000019660000,0x0000000019760000)]
  0x00000000188c1000 JavaThread "UrlChecker-2" daemon [_thread_blocked, id=7420, stack(0x0000000019560000,0x0000000019660000)]
  0x000000001898d800 JavaThread "Exec Default Executor" daemon [_thread_in_native, id=3380, stack(0x0000000019460000,0x0000000019560000)]
  0x000000001802b800 JavaThread "ReaderThread" [_thread_in_native, id=4508, stack(0x0000000018480000,0x0000000018580000)]
  0x0000000017ebc800 JavaThread "Service Thread" daemon [_thread_blocked, id=7924, stack(0x0000000018280000,0x0000000018380000)]
  0x0000000016446000 JavaThread "C1 CompilerThread2" daemon [_thread_blocked, id=3048, stack(0x0000000017d80000,0x0000000017e80000)]
  0x0000000016409800 JavaThread "C2 CompilerThread1" daemon [_thread_in_native, id=7788, stack(0x0000000017c80000,0x0000000017d80000)]
=>0x00000000163fe000 JavaThread "C2 CompilerThread0" daemon [_thread_in_native, id=5220, stack(0x0000000017b80000,0x0000000017c80000)]
  0x00000000163fc800 JavaThread "Attach Listener" daemon [_thread_blocked, id=8156, stack(0x0000000017a80000,0x0000000017b80000)]
  0x00000000163fb800 JavaThread "Signal Dispatcher" daemon [_thread_blocked, id=4348, stack(0x0000000017980000,0x0000000017a80000)]
  0x00000000163ea800 JavaThread "Finalizer" daemon [_thread_blocked, id=6468, stack(0x0000000017650000,0x0000000017750000)]
  0x0000000002b82000 JavaThread "Reference Handler" daemon [_thread_blocked, id=8056, stack(0x0000000017550000,0x0000000017650000)]
  0x000000000119e000 JavaThread "Forwarding newSession on session null to remote" [_thread_in_vm, id=6880, stack(0x0000000002990000,0x0000000002a90000)]

Other Threads:
  0x00000000163c8000 VMThread [stack: 0x0000000017450000,0x0000000017550000] [id=848]
  0x0000000017ec6000 WatcherThread [stack: 0x0000000018380000,0x0000000018480000] [id=5436]

VM state:not at safepoint (normal execution)

VM Mutex/Monitor currently owned by a thread: None

heap address: 0x00000000a1e00000, size: 1506 MB, Compressed Oops mode: 32-bit
Narrow klass base: 0x0000000000000000, Narrow klass shift: 3
Compressed class space size: 1073741824 Address: 0x0000000100000000

Heap:
 PSYoungGen      total 28672K, used 12473K [0x00000000e0a00000, 0x00000000e4200000, 0x0000000100000000)
  eden space 24576K, 34% used [0x00000000e0a00000,0x00000000e1235528,0x00000000e2200000)
  from space 4096K, 99% used [0x00000000e2600000,0x00000000e29f9170,0x00000000e2a00000)
  to   space 4096K, 0% used [0x00000000e2200000,0x00000000e2200000,0x00000000e2600000)
 ParOldGen       total 65536K, used 2023K [0x00000000a1e00000, 0x00000000a5e00000, 0x00000000e0a00000)
  object space 65536K, 3% used [0x00000000a1e00000,0x00000000a1ff9df0,0x00000000a5e00000)
 Metaspace       used 15510K, capacity 16242K, committed 16512K, reserved 1062912K
  class space    used 2157K, capacity 2359K, committed 2432K, reserved 1048576K

Card table byte_map: [0x0000000011f50000,0x0000000012250000] byte_map_base: 0x0000000011a41000

Marking Bits: (ParMarkBitMap*) 0x00000000622a6d90
 Begin Bits: [0x0000000012850000, 0x0000000013fd8000)
 End Bits:   [0x0000000013fd8000, 0x0000000015760000)

Polling page: 0x00000000011a0000

CodeCache: size=245760Kb used=5295Kb max_used=5295Kb free=240465Kb
 bounds [0x0000000002b90000, 0x00000000030c0000, 0x0000000011b90000]
 total_blobs=1902 nmethods=1507 adapters=307
 compilation: enabled

Compilation events (10 events):
Event: 7.427 Thread 0x0000000016446000 nmethod 1505 0x00000000030b6910 code [0x00000000030b6ae0, 0x00000000030b7408]
Event: 7.427 Thread 0x0000000016446000 1506       3       java.io.StringReader::ensureOpen (18 bytes)
Event: 7.428 Thread 0x0000000016446000 nmethod 1506 0x00000000030b6490 code [0x00000000030b6600, 0x00000000030b6848]
Event: 7.428 Thread 0x0000000016446000 1504       3       java.util.Objects::hash (5 bytes)
Event: 7.428 Thread 0x0000000016446000 nmethod 1504 0x00000000030b6110 code [0x00000000030b6280, 0x00000000030b63e8]
Event: 7.433 Thread 0x0000000016409800 1507       4       org.openqa.selenium.json.Input::peek (9 bytes)
Event: 7.444 Thread 0x0000000016446000 1508       3       java.lang.invoke.MethodHandleNatives::refKindHasReceiver (33 bytes)
Event: 7.445 Thread 0x0000000016446000 nmethod 1508 0x00000000030bd190 code [0x00000000030bd2e0, 0x00000000030bd490]
Event: 7.445 Thread 0x0000000016446000 1509       1       java.util.stream.ReferencePipeline$StatelessOp::opIsStateful (2 bytes)
Event: 7.446 Thread 0x0000000016446000 nmethod 1509 0x00000000030bd510 code [0x00000000030bd660, 0x00000000030bd770]

GC Heap History (4 events):
Event: 1.865 GC heap before
{Heap before GC invocations=1 (full 0):
 PSYoungGen      total 28672K, used 24576K [0x00000000e0a00000, 0x00000000e2a00000, 0x0000000100000000)
  eden space 24576K, 100% used [0x00000000e0a00000,0x00000000e2200000,0x00000000e2200000)
  from space 4096K, 0% used [0x00000000e2600000,0x00000000e2600000,0x00000000e2a00000)
  to   space 4096K, 0% used [0x00000000e2200000,0x00000000e2200000,0x00000000e2600000)
 ParOldGen       total 65536K, used 0K [0x00000000a1e00000, 0x00000000a5e00000, 0x00000000e0a00000)
  object space 65536K, 0% used [0x00000000a1e00000,0x00000000a1e00000,0x00000000a5e00000)
 Metaspace       used 8312K, capacity 8400K, committed 8704K, reserved 1056768K
  class space    used 1151K, capacity 1202K, committed 1280K, reserved 1048576K
Event: 1.882 GC heap after
Heap after GC invocations=1 (full 0):
 PSYoungGen      total 28672K, used 4066K [0x00000000e0a00000, 0x00000000e2a00000, 0x0000000100000000)
  eden space 24576K, 0% used [0x00000000e0a00000,0x00000000e0a00000,0x00000000e2200000)
  from space 4096K, 99% used [0x00000000e2200000,0x00000000e25f8868,0x00000000e2600000)
  to   space 4096K, 0% used [0x00000000e2600000,0x00000000e2600000,0x00000000e2a00000)
 ParOldGen       total 65536K, used 16K [0x00000000a1e00000, 0x00000000a5e00000, 0x00000000e0a00000)
  object space 65536K, 0% used [0x00000000a1e00000,0x00000000a1e04000,0x00000000a5e00000)
 Metaspace       used 8312K, capacity 8400K, committed 8704K, reserved 1056768K
  class space    used 1151K, capacity 1202K, committed 1280K, reserved 1048576K
}
Event: 3.897 GC heap before
{Heap before GC invocations=2 (full 0):
 PSYoungGen      total 28672K, used 28642K [0x00000000e0a00000, 0x00000000e2a00000, 0x0000000100000000)
  eden space 24576K, 100% used [0x00000000e0a00000,0x00000000e2200000,0x00000000e2200000)
  from space 4096K, 99% used [0x00000000e2200000,0x00000000e25f8868,0x00000000e2600000)
  to   space 4096K, 0% used [0x00000000e2600000,0x00000000e2600000,0x00000000e2a00000)
 ParOldGen       total 65536K, used 16K [0x00000000a1e00000, 0x00000000a5e00000, 0x00000000e0a00000)
  object space 65536K, 0% used [0x00000000a1e00000,0x00000000a1e04000,0x00000000a5e00000)
 Metaspace       used 13631K, capacity 14142K, committed 14464K, reserved 1060864K
  class space    used 1885K, capacity 2053K, committed 2176K, reserved 1048576K
Event: 3.928 GC heap after
Heap after GC invocations=2 (full 0):
 PSYoungGen      total 28672K, used 4068K [0x00000000e0a00000, 0x00000000e4200000, 0x0000000100000000)
  eden space 24576K, 0% used [0x00000000e0a00000,0x00000000e0a00000,0x00000000e2200000)
  from space 4096K, 99% used [0x00000000e2600000,0x00000000e29f9170,0x00000000e2a00000)
  to   space 4096K, 0% used [0x00000000e2200000,0x00000000e2200000,0x00000000e2600000)
 ParOldGen       total 65536K, used 2023K [0x00000000a1e00000, 0x00000000a5e00000, 0x00000000e0a00000)
  object space 65536K, 3% used [0x00000000a1e00000,0x00000000a1ff9df0,0x00000000a5e00000)
 Metaspace       used 13631K, capacity 14142K, committed 14464K, reserved 1060864K
  class space    used 1885K, capacity 2053K, committed 2176K, reserved 1048576K
}

Deoptimization events (10 events):
Event: 3.565 Thread 0x00000000188c1000 Uncommon trap: reason=unstable_if action=reinterpret pc=0x0000000002ef5594 method=java.lang.CharacterDataLatin1.digit(II)I @ 82
Event: 4.058 Thread 0x000000000119e000 Uncommon trap: reason=class_check action=maybe_recompile pc=0x0000000002fc6598 method=java.util.regex.Matcher.search(I)Z @ 86
Event: 4.058 Thread 0x000000000119e000 Uncommon trap: reason=class_check action=maybe_recompile pc=0x0000000002f8d6b4 method=java.util.regex.Pattern$Curly.match(Ljava/util/regex/Matcher;ILjava/lang/CharSequence;)Z @ 19
Event: 4.058 Thread 0x000000000119e000 Uncommon trap: reason=class_check action=maybe_recompile pc=0x0000000002fc6598 method=java.util.regex.Matcher.search(I)Z @ 86
Event: 4.058 Thread 0x000000000119e000 Uncommon trap: reason=class_check action=maybe_recompile pc=0x0000000002fc6598 method=java.util.regex.Matcher.search(I)Z @ 86
Event: 4.059 Thread 0x000000000119e000 Uncommon trap: reason=class_check action=maybe_recompile pc=0x0000000002fc6598 method=java.util.regex.Matcher.search(I)Z @ 86
Event: 4.059 Thread 0x000000000119e000 Uncommon trap: reason=class_check action=maybe_recompile pc=0x0000000002f8d6b4 method=java.util.regex.Pattern$Curly.match(Ljava/util/regex/Matcher;ILjava/lang/CharSequence;)Z @ 19
Event: 4.094 Thread 0x000000000119e000 Uncommon trap: reason=class_check action=maybe_recompile pc=0x0000000002f8d6b4 method=java.util.regex.Pattern$Curly.match(Ljava/util/regex/Matcher;ILjava/lang/CharSequence;)Z @ 19
Event: 4.094 Thread 0x000000000119e000 Uncommon trap: reason=class_check action=maybe_recompile pc=0x0000000002f8d6b4 method=java.util.regex.Pattern$Curly.match(Ljava/util/regex/Matcher;ILjava/lang/CharSequence;)Z @ 19
Event: 4.239 Thread 0x000000000119e000 Uncommon trap: reason=unstable_if action=reinterpret pc=0x0000000002f61a1c method=java.util.regex.Pattern$BmpCharProperty.match(Ljava/util/regex/Matcher;ILjava/lang/CharSequence;)Z @ 34

Classes redefined (0 events):
No events

Internal exceptions (10 events):
Event: 1.730 Thread 0x000000000119e000 Exception <a 'java/lang/ArrayIndexOutOfBoundsException': 18> (0x00000000e1fecb80) thrown at [C:\re\workspace\8-2-build-windows-amd64-cygwin\jdk8u231\13620\hotspot\src\share\vm\interpreter\interpreterRuntime.cpp, line 368]
Event: 1.731 Thread 0x000000000119e000 Exception <a 'java/lang/ArrayIndexOutOfBoundsException': 138> (0x00000000e1fee818) thrown at [C:\re\workspace\8-2-build-windows-amd64-cygwin\jdk8u231\13620\hotspot\src\share\vm\interpreter\interpreterRuntime.cpp, line 368]
Event: 1.732 Thread 0x000000000119e000 Exception <a 'java/lang/ArrayIndexOutOfBoundsException': 60> (0x00000000e1fefeb0) thrown at [C:\re\workspace\8-2-build-windows-amd64-cygwin\jdk8u231\13620\hotspot\src\share\vm\interpreter\interpreterRuntime.cpp, line 368]
Event: 2.300 Thread 0x000000000119e000 Exception <a 'java/lang/NoSuchFieldError': method resolution failed> (0x00000000e0fe7f78) thrown at [C:\re\workspace\8-2-build-windows-amd64-cygwin\jdk8u231\13620\hotspot\src\share\vm\prims\methodHandles.cpp, line 1167]
Event: 2.305 Thread 0x000000000119e000 Exception <a 'java/lang/NoSuchFieldError': method resolution failed> (0x00000000e0ff5638) thrown at [C:\re\workspace\8-2-build-windows-amd64-cygwin\jdk8u231\13620\hotspot\src\share\vm\prims\methodHandles.cpp, line 1167]
Event: 3.555 Thread 0x00000000188c1000 Exception <a 'java/net/SocketTimeoutException': connect timed out> (0x00000000e1dc4788) thrown at [C:\re\workspace\8-2-build-windows-amd64-cygwin\jdk8u231\13620\hotspot\src\share\vm\prims\jni.cpp, line 736]
Event: 3.644 Thread 0x000000000119e000 Exception <a 'java/lang/IncompatibleClassChangeError': Found class java.lang.Object, but interface was expected> (0x00000000e1e64558) thrown at [C:\re\workspace\8-2-build-windows-amd64-cygwin\jdk8u231\13620\hotspot\src\share\vm\interpreter\linkResolver.cp
Event: 3.653 Thread 0x000000000119e000 Exception <a 'java/lang/NoSuchMethodError': java.lang.Object.lambda$or$2(Ljava/util/function/Predicate;Ljava/lang/Object;)Z> (0x00000000e1e73310) thrown at [C:\re\workspace\8-2-build-windows-amd64-cygwin\jdk8u231\13620\hotspot\src\share\vm\interpreter\lin
Event: 3.851 Thread 0x000000000119e000 Exception <a 'java/lang/NoSuchMethodError': java.lang.Object.lambda$chars$0()Ljava/util/Spliterator$OfInt;> (0x00000000e215a5b8) thrown at [C:\re\workspace\8-2-build-windows-amd64-cygwin\jdk8u231\13620\hotspot\src\share\vm\interpreter\linkResolver.cpp, li
Event: 7.441 Thread 0x000000000119e000 Exception <a 'java/lang/NoSuchMethodError': java.lang.Object.lambda$getResponseFunction$0(Lorg/openqa/selenium/remote/InitialHandshakeResponse;)Lorg/openqa/selenium/remote/ProtocolHandshake$Result;> (0x00000000e11e4628) thrown at [C:\re\workspace\8-2-buil

Events (10 events):
Event: 7.444 loading class org/openqa/selenium/remote/InitialHandshakeResponse
Event: 7.444 loading class org/openqa/selenium/remote/InitialHandshakeResponse done
Event: 7.445 loading class org/openqa/selenium/remote/ProtocolHandshake$Result
Event: 7.445 loading class org/openqa/selenium/remote/ProtocolHandshake$Result done
Event: 7.446 loading class org/openqa/selenium/remote/InitialHandshakeResponse
Event: 7.446 loading class org/openqa/selenium/remote/InitialHandshakeResponse done
Event: 7.446 loading class org/openqa/selenium/remote/InitialHandshakeResponse
Event: 7.446 loading class org/openqa/selenium/remote/InitialHandshakeResponse done
Event: 7.446 loading class org/openqa/selenium/remote/InitialHandshakeResponse
Event: 7.446 loading class org/openqa/selenium/remote/InitialHandshakeResponse done


Dynamic libraries:
0x00007ff7957c0000 - 0x00007ff7957f7000 	C:\Program Files\Java\jre1.8.0_231\bin\javaw.exe
0x00007ffffbf40000 - 0x00007ffffc0ec000 	C:\Windows\SYSTEM32\ntdll.dll
0x00007ffffb4a0000 - 0x00007ffffb5de000 	C:\Windows\system32\KERNEL32.DLL
0x00007ffff9390000 - 0x00007ffff94a5000 	C:\Windows\system32\KERNELBASE.dll
0x00007ffff7360000 - 0x00007ffff73ee000 	C:\Windows\system32\apphelp.dll
0x00007fffe13b0000 - 0x00007fffe1403000 	C:\Windows\AppPatch\AppPatch64\AcGenral.DLL
0x00007ffff95c0000 - 0x00007ffff966a000 	C:\Windows\system32\msvcrt.dll
0x00007ffff8ec0000 - 0x00007ffff8eee000 	C:\Windows\SYSTEM32\SspiCli.dll
0x00007ffffb2e0000 - 0x00007ffffb334000 	C:\Windows\system32\SHLWAPI.dll
0x00007ffffb740000 - 0x00007ffffb8b7000 	C:\Windows\system32\USER32.dll
0x00007ffffbcf0000 - 0x00007ffffbe84000 	C:\Windows\system32\ole32.dll
0x00007ffff9ce0000 - 0x00007ffffb1f8000 	C:\Windows\system32\SHELL32.dll
0x00007ffff85a0000 - 0x00007ffff85c1000 	C:\Windows\SYSTEM32\USERENV.dll
0x00007ffffbe90000 - 0x00007ffffbf3a000 	C:\Windows\system32\ADVAPI32.dll
0x00007ffff8a70000 - 0x00007ffff8a8e000 	C:\Windows\SYSTEM32\MPR.dll
0x00007ffffb5f0000 - 0x00007ffffb731000 	C:\Windows\system32\RPCRT4.dll
0x00007ffff9670000 - 0x00007ffff96c9000 	C:\Windows\SYSTEM32\sechost.dll
0x00007ffffbac0000 - 0x00007ffffbcd1000 	C:\Windows\SYSTEM32\combase.dll
0x00007ffff96f0000 - 0x00007ffff9841000 	C:\Windows\system32\GDI32.dll
0x00007ffff9090000 - 0x00007ffff90a5000 	C:\Windows\SYSTEM32\profapi.dll
0x00007ffff7f80000 - 0x00007ffff8032000 	C:\Windows\SYSTEM32\SHCORE.dll
0x00007ffff9850000 - 0x00007ffff9886000 	C:\Windows\system32\IMM32.DLL
0x00007ffffb340000 - 0x00007ffffb492000 	C:\Windows\system32\MSCTF.dll
0x00007ffff5e00000 - 0x00007ffff607b000 	C:\Windows\WinSxS\amd64_microsoft.windows.common-controls_6595b64144ccf1df_6.0.9600.17784_none_624760d1ecb7236e\COMCTL32.dll
0x00000000619a0000 - 0x0000000061a72000 	C:\Program Files\Java\jre1.8.0_231\bin\msvcr100.dll
0x0000000061a80000 - 0x0000000062326000 	C:\Program Files\Java\jre1.8.0_231\bin\server\jvm.dll
0x00007ffff59f0000 - 0x00007ffff59f9000 	C:\Windows\SYSTEM32\WSOCK32.dll
0x00007ffff8040000 - 0x00007ffff8062000 	C:\Windows\SYSTEM32\WINMM.dll
0x00007ffff65e0000 - 0x00007ffff65ea000 	C:\Windows\SYSTEM32\VERSION.dll
0x00007ffffb5e0000 - 0x00007ffffb5e7000 	C:\Windows\system32\PSAPI.DLL
0x00007ffff98f0000 - 0x00007ffff994a000 	C:\Windows\system32\WS2_32.dll
0x00007ffff7880000 - 0x00007ffff78aa000 	C:\Windows\SYSTEM32\WINMMBASE.dll
0x00007ffffbce0000 - 0x00007ffffbce9000 	C:\Windows\system32\NSI.dll
0x00007ffff9340000 - 0x00007ffff938f000 	C:\Windows\SYSTEM32\cfgmgr32.dll
0x00007ffff75b0000 - 0x00007ffff75d8000 	C:\Windows\SYSTEM32\DEVOBJ.dll
0x00007ffff52e0000 - 0x00007ffff52ef000 	C:\Program Files\Java\jre1.8.0_231\bin\verify.dll
0x00007fffea380000 - 0x00007fffea3a9000 	C:\Program Files\Java\jre1.8.0_231\bin\java.dll
0x00007ffff1a60000 - 0x00007ffff1a76000 	C:\Program Files\Java\jre1.8.0_231\bin\zip.dll
0x00007fffe9870000 - 0x00007fffe988a000 	C:\Program Files\Java\jre1.8.0_231\bin\net.dll
0x00007ffff8810000 - 0x00007ffff8869000 	C:\Windows\system32\mswsock.dll
0x00007ffff8610000 - 0x00007ffff86b4000 	C:\Windows\SYSTEM32\DNSAPI.dll
0x00007fffe9180000 - 0x00007fffe918a000 	C:\Windows\System32\rasadhlp.dll
0x00007ffff27e0000 - 0x00007ffff284b000 	C:\Windows\System32\fwpuclnt.dll
0x00007fffe47f0000 - 0x00007fffe4814000 	C:\Program Files\Java\jre1.8.0_231\bin\sunec.dll
0x00007ffff64c0000 - 0x00007ffff64cb000 	C:\Program Files\Java\jre1.8.0_231\bin\sunmscapi.dll
0x00007ffff9160000 - 0x00007ffff933f000 	C:\Windows\system32\CRYPT32.dll
0x00007ffff9140000 - 0x00007ffff9151000 	C:\Windows\system32\MSASN1.dll
0x00007ffff33b0000 - 0x00007ffff33da000 	C:\Windows\SYSTEM32\IPHLPAPI.DLL
0x00007ffff33a0000 - 0x00007ffff33aa000 	C:\Windows\SYSTEM32\WINNSI.DLL
0x00007ffff27b0000 - 0x00007ffff27c6000 	C:\Windows\SYSTEM32\dhcpcsvc6.DLL
0x00007ffff2c80000 - 0x00007ffff2c9a000 	C:\Windows\SYSTEM32\dhcpcsvc.DLL
0x00007fffe9770000 - 0x00007fffe9782000 	C:\Program Files\Java\jre1.8.0_231\bin\nio.dll
0x00007ffff8870000 - 0x00007ffff8890000 	C:\Windows\SYSTEM32\CRYPTSP.dll
0x00007ffff8490000 - 0x00007ffff84c6000 	C:\Windows\system32\rsaenh.dll
0x00007ffff8b50000 - 0x00007ffff8b76000 	C:\Windows\SYSTEM32\bcrypt.dll
0x00007ffff8ef0000 - 0x00007ffff8f53000 	C:\Windows\system32\bcryptprimitives.dll
0x00007ffff8f60000 - 0x00007ffff8f6b000 	C:\Windows\SYSTEM32\CRYPTBASE.dll

VM Arguments:
jvm_args: -ea -Dfile.encoding=UTF-8 
java_command: org.eclipse.jdt.internal.junit.runner.RemoteTestRunner -version 3 -port 53675 -testLoaderClass org.eclipse.jdt.internal.junit4.runner.JUnit4TestLoader -loaderpluginname org.eclipse.jdt.junit4.runtime -classNames com.automation.runner.Runner
java_class_path (initial): C:\GreensWorkspace\Cucumber\target\test-classes;C:\GreensWorkspace\Cucumber\target\classes;C:\greens\selenium-server-standalone-3.141.59.jar;C:\Users\YOGI\.p2\pool\plugins\org.junit_4.12.0.v201504281640\junit.jar;C:\Users\YOGI\.p2\pool\plugins\org.hamcrest.core_1.3.0.v20180420-1519.jar;C:\Users\YOGI\.m2\repository\junit\junit\4.2\junit-4.2.jar;C:\Users\YOGI\.m2\repository\info\cukes\cucumber-junit\1.2.5\cucumber-junit-1.2.5.jar;C:\Users\YOGI\.m2\repository\info\cukes\cucumber-java\1.2.5\cucumber-java-1.2.5.jar;C:\Users\YOGI\.m2\repository\info\cukes\cucumber-core\1.2.5\cucumber-core-1.2.5.jar;C:\Users\YOGI\.m2\repository\info\cukes\cucumber-html\0.2.3\cucumber-html-0.2.3.jar;C:\Users\YOGI\.m2\repository\info\cukes\cucumber-jvm-deps\1.0.5\cucumber-jvm-deps-1.0.5.jar;C:\Users\YOGI\.m2\repository\info\cukes\gherkin\2.12.2\gherkin-2.12.2.jar;C:\Users\YOGI\eclipse\java-2018-09\eclipse\configuration\org.eclipse.osgi\235\0\.cp;C:\Users\YOGI\eclipse\java-2018-09\eclipse\configuration\org.eclipse.osgi\234\0\.cp
Launcher Type: SUN_STANDARD

Environment Variables:
JAVA_HOME=C:\Program Files\Java\jdk1.8.0_231
PATH=C:/Program Files/Java/jre1.8.0_231/bin/server;C:/Program Files/Java/jre1.8.0_231/bin;C:/Program Files/Java/jre1.8.0_231/lib/amd64;C:\Program Files (x86)\Common Files\Oracle\Java\javapath;C:\Windows\system32;C:\Windows;C:\Windows\System32\Wbem;C:\Windows\System32\WindowsPowerShell\v1.0;C:\Program Files\Java\jdk1.8.0_231;C:\Maven\apache-maven-3.6.3\bin;C:\Users\YOGI\Desktop;
USERNAME=YOGI
OS=Windows_NT
PROCESSOR_IDENTIFIER=Intel64 Family 6 Model 58 Stepping 9, GenuineIntel



---------------  S Y S T E M  ---------------

OS: Windows 8.1 , 64 bit Build 9600 (6.3.9600.17415)

CPU:total 4 (initial active 4) (2 cores per cpu, 2 threads per core) family 6 model 58 stepping 9, cmov, cx8, fxsr, mmx, sse, sse2, sse3, ssse3, sse4.1, sse4.2, popcnt, avx, clmul, erms, ht, tsc, tscinvbit, tscinv

Memory: 4k page, physical 6163816k(1093392k free), swap 25038184k(3632k free)

vm_info: Java HotSpot(TM) 64-Bit Server VM (25.231-b11) for windows-amd64 JRE (1.8.0_231-b11), built on Oct  5 2019 03:11:30 by "java_re" with MS VC++ 10.0 (VS2010)

time: Wed Mar 25 17:37:25 2020
timezone: India Standard Time
elapsed time: 7 seconds (0d 0h 0m 7s)

